2026-02-02 18:56:25,482 [Worker-5: Loading available Gradle versions] INFO  o.e.b.c.i.u.g.PublishedGradleVersions - Gradle version information cache is not available. Remote download required.
2026-02-02 18:57:14,691 [Worker-13: Importing Maven projects] INFO  o.e.m.c.i.l.LifecycleMappingFactory - Using org.eclipse.m2e.jdt.JarLifecycleMapping lifecycle mapping for MavenProject: com.fintrack:moneymanager:0.0.1-SNAPSHOT @ D:\FinalCDACproject\moneymanager\moneymanager\moneymanager\pom.xml.
2026-02-02 18:57:16,714 [Worker-13: Importing Maven projects] INFO  o.e.m.j.i.AbstractJavaProjectConfigurator - Adding source folder /moneymanager/src/main/java
2026-02-02 18:57:16,720 [Worker-13: Importing Maven projects] INFO  o.e.m.j.i.AbstractJavaProjectConfigurator - Adding resource folder /moneymanager/src/main/resources
2026-02-02 18:57:16,721 [Worker-13: Importing Maven projects] INFO  o.e.m.j.i.AbstractJavaProjectConfigurator - Adding resource folder /moneymanager/src/main/resources
2026-02-02 18:57:16,722 [Worker-13: Importing Maven projects] INFO  o.e.m.j.i.AbstractJavaProjectConfigurator - Adding source folder /moneymanager/src/test/java
2026-02-02 18:57:16,724 [Worker-13: Importing Maven projects] INFO  o.e.m.j.i.AbstractJavaProjectConfigurator - Adding resource folder /moneymanager/src/test/resources
2026-02-02 18:57:17,293 [Worker-13: Importing Maven projects] INFO  o.e.m.c.i.p.ProjectConfigurationManager - Imported and configured 1 project(s) in 4 sec
2026-02-02 18:57:17,679 [Worker-7: Updating Maven Project] INFO  o.e.m.c.i.p.ProjectConfigurationManager - Update started
2026-02-02 18:57:18,126 [Worker-7: Updating Maven Project] INFO  o.e.m.c.i.l.LifecycleMappingFactory - Using org.eclipse.m2e.jdt.JarLifecycleMapping lifecycle mapping for MavenProject: com.fintrack:moneymanager:0.0.1-SNAPSHOT @ D:\FinalCDACproject\moneymanager\moneymanager\moneymanager\pom.xml.
2026-02-02 18:57:18,999 [Worker-7: Updating Maven Project] INFO  o.e.m.j.i.AbstractJavaProjectConfigurator - Adding source folder /moneymanager/src/main/java
2026-02-02 18:57:18,999 [Worker-7: Updating Maven Project] INFO  o.e.m.j.i.AbstractJavaProjectConfigurator - Adding resource folder /moneymanager/src/main/resources
2026-02-02 18:57:19,000 [Worker-7: Updating Maven Project] INFO  o.e.m.j.i.AbstractJavaProjectConfigurator - Adding resource folder /moneymanager/src/main/resources
2026-02-02 18:57:19,000 [Worker-7: Updating Maven Project] INFO  o.e.m.j.i.AbstractJavaProjectConfigurator - Adding source folder /moneymanager/src/test/java
2026-02-02 18:57:19,001 [Worker-7: Updating Maven Project] INFO  o.e.m.j.i.AbstractJavaProjectConfigurator - Adding resource folder /moneymanager/src/test/resources
2026-02-02 18:57:19,495 [Worker-7: Updating Maven Project] INFO  o.e.m.c.i.p.ProjectConfigurationManager - Update completed for 1 poms: local refresh takes 0.00 sec, refresh facades takes 1.00 sec, update config takes 0.00 sec 
2026-02-02 18:57:23,191 [Worker-7: Building] INFO  o.a.m.s.f.DefaultMavenResourcesFiltering - Copying 1 resource from src\main\resources to target\classes
2026-02-02 18:57:23,240 [Worker-7: Building] INFO  o.a.m.s.f.DefaultMavenResourcesFiltering - Copying 0 resource from src\main\resources to target\classes
2026-02-02 18:57:23,248 [Worker-7: Building] INFO  o.a.m.s.f.DefaultMavenResourcesFiltering - skip non existing resourceDirectory D:\FinalCDACproject\moneymanager\moneymanager\moneymanager\src\test\resources
2026-02-02 18:57:44,277 [Worker-6: Updating Maven Project] INFO  o.e.m.c.i.p.ProjectConfigurationManager - Update started
2026-02-02 18:57:44,749 [Worker-6: Updating Maven Project] INFO  o.e.m.c.i.l.LifecycleMappingFactory - Using org.eclipse.m2e.jdt.JarLifecycleMapping lifecycle mapping for MavenProject: com.fintrack:moneymanager:0.0.1-SNAPSHOT @ D:\FinalCDACproject\moneymanager\moneymanager\moneymanager\pom.xml.
2026-02-02 18:57:45,446 [Worker-6: Updating Maven Project] INFO  o.e.m.j.i.AbstractJavaProjectConfigurator - Adding source folder /moneymanager/src/main/java
2026-02-02 18:57:45,447 [Worker-6: Updating Maven Project] INFO  o.e.m.j.i.AbstractJavaProjectConfigurator - Adding resource folder /moneymanager/src/main/resources
2026-02-02 18:57:45,447 [Worker-6: Updating Maven Project] INFO  o.e.m.j.i.AbstractJavaProjectConfigurator - Adding resource folder /moneymanager/src/main/resources
2026-02-02 18:57:45,448 [Worker-6: Updating Maven Project] INFO  o.e.m.j.i.AbstractJavaProjectConfigurator - Adding source folder /moneymanager/src/test/java
2026-02-02 18:57:45,448 [Worker-6: Updating Maven Project] INFO  o.e.m.j.i.AbstractJavaProjectConfigurator - Adding resource folder /moneymanager/src/test/resources
2026-02-02 18:57:45,765 [Worker-6: Updating Maven Project] INFO  o.e.m.c.i.p.ProjectConfigurationManager - Update completed for 1 poms: local refresh takes 0.00 sec, refresh facades takes 1.00 sec, update config takes 0.00 sec 
2026-02-02 18:57:46,547 [Worker-3: Building] INFO  o.a.m.s.f.DefaultMavenResourcesFiltering - Copying 1 resource from src\main\resources to target\classes
2026-02-02 18:57:46,568 [Worker-3: Building] INFO  o.a.m.s.f.DefaultMavenResourcesFiltering - Copying 0 resource from src\main\resources to target\classes
2026-02-02 18:57:46,574 [Worker-3: Building] INFO  o.a.m.s.f.DefaultMavenResourcesFiltering - skip non existing resourceDirectory D:\FinalCDACproject\moneymanager\moneymanager\moneymanager\src\test\resources
2026-02-02 18:57:59,426 [main] INFO  o.e.m2e.actions.ExecutePomAction - Creating new launch configuration
2026-02-02 18:58:07,658 [Worker-14: Launching moneymanager] INFO  o.eclipse.m2e.core.internal.Bundles - getClasspathEntries(Bundle=org.eclipse.m2e.maven.runtime_3.9.900.20250220-2013 [361])
2026-02-02 18:58:07,660 [Worker-14: Launching moneymanager] INFO  o.eclipse.m2e.core.internal.Bundles - 	Entry: C:\STS\sts-4.30.0.RELEASE\plugins\org.eclipse.m2e.maven.runtime_3.9.900.20250220-2013
2026-02-02 18:58:07,660 [Worker-14: Launching moneymanager] INFO  o.eclipse.m2e.core.internal.Bundles - 	Entry: C:\STS\sts-4.30.0.RELEASE\plugins\org.eclipse.m2e.maven.runtime_3.9.900.20250220-2013\jars\aopalliance-1.0.jar
2026-02-02 18:58:07,661 [Worker-14: Launching moneymanager] INFO  o.eclipse.m2e.core.internal.Bundles - 	Entry: C:\STS\sts-4.30.0.RELEASE\plugins\org.eclipse.m2e.maven.runtime_3.9.900.20250220-2013\jars\guice-5.1.0.jar
2026-02-02 18:58:07,661 [Worker-14: Launching moneymanager] INFO  o.eclipse.m2e.core.internal.Bundles - 	Entry: C:\STS\sts-4.30.0.RELEASE\plugins\org.eclipse.m2e.maven.runtime_3.9.900.20250220-2013\jars\httpclient-4.5.14.jar
2026-02-02 18:58:07,661 [Worker-14: Launching moneymanager] INFO  o.eclipse.m2e.core.internal.Bundles - 	Entry: C:\STS\sts-4.30.0.RELEASE\plugins\org.eclipse.m2e.maven.runtime_3.9.900.20250220-2013\jars\httpcore-4.4.16.jar
2026-02-02 18:58:07,661 [Worker-14: Launching moneymanager] INFO  o.eclipse.m2e.core.internal.Bundles - 	Entry: C:\STS\sts-4.30.0.RELEASE\plugins\org.eclipse.m2e.maven.runtime_3.9.900.20250220-2013\jars\jansi-2.4.1.jar
2026-02-02 18:58:07,661 [Worker-14: Launching moneymanager] INFO  o.eclipse.m2e.core.internal.Bundles - 	Entry: C:\STS\sts-4.30.0.RELEASE\plugins\org.eclipse.m2e.maven.runtime_3.9.900.20250220-2013\jars\jcl-over-slf4j-1.7.36.jar
2026-02-02 18:58:07,661 [Worker-14: Launching moneymanager] INFO  o.eclipse.m2e.core.internal.Bundles - 	Entry: C:\STS\sts-4.30.0.RELEASE\plugins\org.eclipse.m2e.maven.runtime_3.9.900.20250220-2013\jars\maven-artifact-3.9.9.jar
2026-02-02 18:58:07,662 [Worker-14: Launching moneymanager] INFO  o.eclipse.m2e.core.internal.Bundles - 	Entry: C:\STS\sts-4.30.0.RELEASE\plugins\org.eclipse.m2e.maven.runtime_3.9.900.20250220-2013\jars\maven-builder-support-3.9.9.jar
2026-02-02 18:58:07,662 [Worker-14: Launching moneymanager] INFO  o.eclipse.m2e.core.internal.Bundles - 	Entry: C:\STS\sts-4.30.0.RELEASE\plugins\org.eclipse.m2e.maven.runtime_3.9.900.20250220-2013\jars\maven-compat-3.9.9.jar
2026-02-02 18:58:07,662 [Worker-14: Launching moneymanager] INFO  o.eclipse.m2e.core.internal.Bundles - 	Entry: C:\STS\sts-4.30.0.RELEASE\plugins\org.eclipse.m2e.maven.runtime_3.9.900.20250220-2013\jars\maven-core-3.9.9.jar
2026-02-02 18:58:07,662 [Worker-14: Launching moneymanager] INFO  o.eclipse.m2e.core.internal.Bundles - 	Entry: C:\STS\sts-4.30.0.RELEASE\plugins\org.eclipse.m2e.maven.runtime_3.9.900.20250220-2013\jars\maven-embedder-3.9.9.jar
2026-02-02 18:58:07,662 [Worker-14: Launching moneymanager] INFO  o.eclipse.m2e.core.internal.Bundles - 	Entry: C:\STS\sts-4.30.0.RELEASE\plugins\org.eclipse.m2e.maven.runtime_3.9.900.20250220-2013\jars\maven-model-3.9.9.jar
2026-02-02 18:58:07,662 [Worker-14: Launching moneymanager] INFO  o.eclipse.m2e.core.internal.Bundles - 	Entry: C:\STS\sts-4.30.0.RELEASE\plugins\org.eclipse.m2e.maven.runtime_3.9.900.20250220-2013\jars\maven-model-builder-3.9.9.jar
2026-02-02 18:58:07,663 [Worker-14: Launching moneymanager] INFO  o.eclipse.m2e.core.internal.Bundles - 	Entry: C:\STS\sts-4.30.0.RELEASE\plugins\org.eclipse.m2e.maven.runtime_3.9.900.20250220-2013\jars\maven-plugin-api-3.9.9.jar
2026-02-02 18:58:07,663 [Worker-14: Launching moneymanager] INFO  o.eclipse.m2e.core.internal.Bundles - 	Entry: C:\STS\sts-4.30.0.RELEASE\plugins\org.eclipse.m2e.maven.runtime_3.9.900.20250220-2013\jars\maven-repository-metadata-3.9.9.jar
2026-02-02 18:58:07,663 [Worker-14: Launching moneymanager] INFO  o.eclipse.m2e.core.internal.Bundles - 	Entry: C:\STS\sts-4.30.0.RELEASE\plugins\org.eclipse.m2e.maven.runtime_3.9.900.20250220-2013\jars\maven-resolver-api-1.9.22.jar
2026-02-02 18:58:07,663 [Worker-14: Launching moneymanager] INFO  o.eclipse.m2e.core.internal.Bundles - 	Entry: C:\STS\sts-4.30.0.RELEASE\plugins\org.eclipse.m2e.maven.runtime_3.9.900.20250220-2013\jars\maven-resolver-connector-basic-1.9.22.jar
2026-02-02 18:58:07,663 [Worker-14: Launching moneymanager] INFO  o.eclipse.m2e.core.internal.Bundles - 	Entry: C:\STS\sts-4.30.0.RELEASE\plugins\org.eclipse.m2e.maven.runtime_3.9.900.20250220-2013\jars\maven-resolver-impl-1.9.22.jar
2026-02-02 18:58:07,663 [Worker-14: Launching moneymanager] INFO  o.eclipse.m2e.core.internal.Bundles - 	Entry: C:\STS\sts-4.30.0.RELEASE\plugins\org.eclipse.m2e.maven.runtime_3.9.900.20250220-2013\jars\maven-resolver-named-locks-1.9.22.jar
2026-02-02 18:58:07,663 [Worker-14: Launching moneymanager] INFO  o.eclipse.m2e.core.internal.Bundles - 	Entry: C:\STS\sts-4.30.0.RELEASE\plugins\org.eclipse.m2e.maven.runtime_3.9.900.20250220-2013\jars\maven-resolver-provider-3.9.9.jar
2026-02-02 18:58:07,663 [Worker-14: Launching moneymanager] INFO  o.eclipse.m2e.core.internal.Bundles - 	Entry: C:\STS\sts-4.30.0.RELEASE\plugins\org.eclipse.m2e.maven.runtime_3.9.900.20250220-2013\jars\maven-resolver-spi-1.9.22.jar
2026-02-02 18:58:07,664 [Worker-14: Launching moneymanager] INFO  o.eclipse.m2e.core.internal.Bundles - 	Entry: C:\STS\sts-4.30.0.RELEASE\plugins\org.eclipse.m2e.maven.runtime_3.9.900.20250220-2013\jars\maven-resolver-transport-file-1.9.22.jar
2026-02-02 18:58:07,664 [Worker-14: Launching moneymanager] INFO  o.eclipse.m2e.core.internal.Bundles - 	Entry: C:\STS\sts-4.30.0.RELEASE\plugins\org.eclipse.m2e.maven.runtime_3.9.900.20250220-2013\jars\maven-resolver-transport-http-1.9.22.jar
2026-02-02 18:58:07,664 [Worker-14: Launching moneymanager] INFO  o.eclipse.m2e.core.internal.Bundles - 	Entry: C:\STS\sts-4.30.0.RELEASE\plugins\org.eclipse.m2e.maven.runtime_3.9.900.20250220-2013\jars\maven-resolver-transport-wagon-1.9.22.jar
2026-02-02 18:58:07,664 [Worker-14: Launching moneymanager] INFO  o.eclipse.m2e.core.internal.Bundles - 	Entry: C:\STS\sts-4.30.0.RELEASE\plugins\org.eclipse.m2e.maven.runtime_3.9.900.20250220-2013\jars\maven-resolver-util-1.9.22.jar
2026-02-02 18:58:07,664 [Worker-14: Launching moneymanager] INFO  o.eclipse.m2e.core.internal.Bundles - 	Entry: C:\STS\sts-4.30.0.RELEASE\plugins\org.eclipse.m2e.maven.runtime_3.9.900.20250220-2013\jars\maven-settings-3.9.9.jar
2026-02-02 18:58:07,664 [Worker-14: Launching moneymanager] INFO  o.eclipse.m2e.core.internal.Bundles - 	Entry: C:\STS\sts-4.30.0.RELEASE\plugins\org.eclipse.m2e.maven.runtime_3.9.900.20250220-2013\jars\maven-settings-builder-3.9.9.jar
2026-02-02 18:58:07,664 [Worker-14: Launching moneymanager] INFO  o.eclipse.m2e.core.internal.Bundles - 	Entry: C:\STS\sts-4.30.0.RELEASE\plugins\org.eclipse.m2e.maven.runtime_3.9.900.20250220-2013\jars\maven-shared-utils-3.4.2.jar
2026-02-02 18:58:07,664 [Worker-14: Launching moneymanager] INFO  o.eclipse.m2e.core.internal.Bundles - 	Entry: C:\STS\sts-4.30.0.RELEASE\plugins\org.eclipse.m2e.maven.runtime_3.9.900.20250220-2013\jars\org.eclipse.sisu.inject-0.9.0.M3.jar
2026-02-02 18:58:07,665 [Worker-14: Launching moneymanager] INFO  o.eclipse.m2e.core.internal.Bundles - 	Entry: C:\STS\sts-4.30.0.RELEASE\plugins\org.eclipse.m2e.maven.runtime_3.9.900.20250220-2013\jars\org.eclipse.sisu.plexus-0.9.0.M3.jar
2026-02-02 18:58:07,665 [Worker-14: Launching moneymanager] INFO  o.eclipse.m2e.core.internal.Bundles - 	Entry: C:\STS\sts-4.30.0.RELEASE\plugins\org.eclipse.m2e.maven.runtime_3.9.900.20250220-2013\jars\plexus-build-api-0.0.7.jar
2026-02-02 18:58:07,665 [Worker-14: Launching moneymanager] INFO  o.eclipse.m2e.core.internal.Bundles - 	Entry: C:\STS\sts-4.30.0.RELEASE\plugins\org.eclipse.m2e.maven.runtime_3.9.900.20250220-2013\jars\plexus-build-api-1.2.0.jar
2026-02-02 18:58:07,665 [Worker-14: Launching moneymanager] INFO  o.eclipse.m2e.core.internal.Bundles - 	Entry: C:\STS\sts-4.30.0.RELEASE\plugins\org.eclipse.m2e.maven.runtime_3.9.900.20250220-2013\jars\plexus-cipher-2.0.jar
2026-02-02 18:58:07,665 [Worker-14: Launching moneymanager] INFO  o.eclipse.m2e.core.internal.Bundles - 	Entry: C:\STS\sts-4.30.0.RELEASE\plugins\org.eclipse.m2e.maven.runtime_3.9.900.20250220-2013\jars\plexus-classworlds-2.8.0.jar
2026-02-02 18:58:07,665 [Worker-14: Launching moneymanager] INFO  o.eclipse.m2e.core.internal.Bundles - 	Entry: C:\STS\sts-4.30.0.RELEASE\plugins\org.eclipse.m2e.maven.runtime_3.9.900.20250220-2013\jars\plexus-component-annotations-2.1.0.jar
2026-02-02 18:58:07,665 [Worker-14: Launching moneymanager] INFO  o.eclipse.m2e.core.internal.Bundles - 	Entry: C:\STS\sts-4.30.0.RELEASE\plugins\org.eclipse.m2e.maven.runtime_3.9.900.20250220-2013\jars\plexus-interpolation-1.27.jar
2026-02-02 18:58:07,665 [Worker-14: Launching moneymanager] INFO  o.eclipse.m2e.core.internal.Bundles - 	Entry: C:\STS\sts-4.30.0.RELEASE\plugins\org.eclipse.m2e.maven.runtime_3.9.900.20250220-2013\jars\plexus-sec-dispatcher-2.0.jar
2026-02-02 18:58:07,666 [Worker-14: Launching moneymanager] INFO  o.eclipse.m2e.core.internal.Bundles - 	Entry: C:\STS\sts-4.30.0.RELEASE\plugins\org.eclipse.m2e.maven.runtime_3.9.900.20250220-2013\jars\plexus-utils-3.5.1.jar
2026-02-02 18:58:07,666 [Worker-14: Launching moneymanager] INFO  o.eclipse.m2e.core.internal.Bundles - 	Entry: C:\STS\sts-4.30.0.RELEASE\plugins\org.eclipse.m2e.maven.runtime_3.9.900.20250220-2013\jars\plexus-xml-3.0.1.jar
2026-02-02 18:58:07,666 [Worker-14: Launching moneymanager] INFO  o.eclipse.m2e.core.internal.Bundles - 	Entry: C:\STS\sts-4.30.0.RELEASE\plugins\org.eclipse.m2e.maven.runtime_3.9.900.20250220-2013\jars\wagon-file-3.5.3.jar
2026-02-02 18:58:07,666 [Worker-14: Launching moneymanager] INFO  o.eclipse.m2e.core.internal.Bundles - 	Entry: C:\STS\sts-4.30.0.RELEASE\plugins\org.eclipse.m2e.maven.runtime_3.9.900.20250220-2013\jars\wagon-http-3.5.3.jar
2026-02-02 18:58:07,666 [Worker-14: Launching moneymanager] INFO  o.eclipse.m2e.core.internal.Bundles - 	Entry: C:\STS\sts-4.30.0.RELEASE\plugins\org.eclipse.m2e.maven.runtime_3.9.900.20250220-2013\jars\wagon-http-shared-3.5.3.jar
2026-02-02 18:58:07,666 [Worker-14: Launching moneymanager] INFO  o.eclipse.m2e.core.internal.Bundles - 	Entry: C:\STS\sts-4.30.0.RELEASE\plugins\org.eclipse.m2e.maven.runtime_3.9.900.20250220-2013\jars\wagon-provider-api-3.5.3.jar
2026-02-02 18:58:07,668 [Worker-14: Launching moneymanager] INFO  o.eclipse.m2e.core.internal.Bundles - getClasspathEntries(Bundle=com.google.guava_33.4.0.jre [29])
2026-02-02 18:58:07,669 [Worker-14: Launching moneymanager] INFO  o.eclipse.m2e.core.internal.Bundles - 	Entry: C:\STS\sts-4.30.0.RELEASE\plugins\com.google.guava_33.4.0.jre.jar
2026-02-02 18:58:07,669 [Worker-14: Launching moneymanager] INFO  o.eclipse.m2e.core.internal.Bundles - getClasspathEntries(Bundle=slf4j.api_2.0.17 [608])
2026-02-02 18:58:07,669 [Worker-14: Launching moneymanager] INFO  o.eclipse.m2e.core.internal.Bundles - 	Entry: C:\STS\sts-4.30.0.RELEASE\plugins\slf4j.api_2.0.17.jar
2026-02-02 18:58:07,669 [Worker-14: Launching moneymanager] INFO  o.eclipse.m2e.core.internal.Bundles - getClasspathEntries(Bundle=javax.inject_1.0.0.v20220405-0441 [759])
2026-02-02 18:58:07,670 [Worker-14: Launching moneymanager] INFO  o.eclipse.m2e.core.internal.Bundles - 	Entry: C:\STS\sts-4.30.0.RELEASE\plugins\javax.inject_1.0.0.v20220405-0441.jar
2026-02-02 18:58:07,670 [Worker-14: Launching moneymanager] INFO  o.eclipse.m2e.core.internal.Bundles - getClasspathEntries(Bundle=javax.annotation_1.3.5.v20230504-0748 [758])
2026-02-02 18:58:07,670 [Worker-14: Launching moneymanager] INFO  o.eclipse.m2e.core.internal.Bundles - 	Entry: C:\STS\sts-4.30.0.RELEASE\plugins\javax.annotation_1.3.5.v20230504-0748.jar
2026-02-02 18:58:07,670 [Worker-14: Launching moneymanager] INFO  o.eclipse.m2e.core.internal.Bundles - getClasspathEntries(Bundle=org.apache.commons.cli_1.9.0 [77])
2026-02-02 18:58:07,670 [Worker-14: Launching moneymanager] INFO  o.eclipse.m2e.core.internal.Bundles - 	Entry: C:\STS\sts-4.30.0.RELEASE\plugins\org.apache.commons.cli_1.9.0.jar
2026-02-02 18:58:07,670 [Worker-14: Launching moneymanager] INFO  o.eclipse.m2e.core.internal.Bundles - getClasspathEntries(Bundle=org.apache.commons.commons-codec_1.16.0 [79])
2026-02-02 18:58:07,670 [Worker-14: Launching moneymanager] INFO  o.eclipse.m2e.core.internal.Bundles - 	Entry: C:\STS\sts-4.30.0.RELEASE\plugins\org.apache.commons.commons-codec_1.16.0.jar
2026-02-02 18:58:07,670 [Worker-14: Launching moneymanager] INFO  o.eclipse.m2e.core.internal.Bundles - getClasspathEntries(Bundle=com.google.guava.failureaccess_1.0.2 [30])
2026-02-02 18:58:07,670 [Worker-14: Launching moneymanager] INFO  o.eclipse.m2e.core.internal.Bundles - 	Entry: C:\STS\sts-4.30.0.RELEASE\plugins\com.google.guava.failureaccess_1.0.2.jar
2026-02-02 18:58:07,674 [Worker-14: Launching moneymanager] INFO  o.e.m.i.launch.MavenLaunchDelegate - Run build in "D:\FinalCDACproject\moneymanager\moneymanager\moneymanager":
2026-02-02 18:58:07,679 [Worker-14: Launching moneymanager] INFO  o.e.m.i.launch.MavenLaunchDelegate -  mvn  -B -Dstyle.color=always clean compile
2026-02-02 19:01:09,334 [Worker-4: Updating Maven Project] INFO  o.e.m.c.i.p.ProjectConfigurationManager - Update started
2026-02-02 19:01:09,638 [Worker-4: Updating Maven Project] INFO  o.e.m.c.i.l.LifecycleMappingFactory - Using org.eclipse.m2e.jdt.JarLifecycleMapping lifecycle mapping for MavenProject: com.fintrack:moneymanager:0.0.1-SNAPSHOT @ D:\FinalCDACproject\moneymanager\moneymanager\moneymanager\pom.xml.
2026-02-02 19:01:10,475 [Worker-4: Updating Maven Project] INFO  o.e.m.j.i.AbstractJavaProjectConfigurator - Adding source folder /moneymanager/src/main/java
2026-02-02 19:01:10,477 [Worker-4: Updating Maven Project] INFO  o.e.m.j.i.AbstractJavaProjectConfigurator - Adding resource folder /moneymanager/src/main/resources
2026-02-02 19:01:10,478 [Worker-4: Updating Maven Project] INFO  o.e.m.j.i.AbstractJavaProjectConfigurator - Adding resource folder /moneymanager/src/main/resources
2026-02-02 19:01:10,479 [Worker-4: Updating Maven Project] INFO  o.e.m.j.i.AbstractJavaProjectConfigurator - Adding source folder /moneymanager/src/test/java
2026-02-02 19:01:10,479 [Worker-4: Updating Maven Project] INFO  o.e.m.j.i.AbstractJavaProjectConfigurator - Adding resource folder /moneymanager/src/test/resources
2026-02-02 19:01:10,836 [Worker-4: Updating Maven Project] INFO  o.e.m.c.i.p.ProjectConfigurationManager - Update completed for 1 poms: local refresh takes 0.00 sec, refresh facades takes 1.00 sec, update config takes 0.00 sec 
2026-02-02 19:01:11,487 [Worker-3: Building] INFO  o.a.m.s.f.DefaultMavenResourcesFiltering - Copying 1 resource from src\main\resources to target\classes
2026-02-02 19:01:11,499 [Worker-3: Building] INFO  o.a.m.s.f.DefaultMavenResourcesFiltering - Copying 0 resource from src\main\resources to target\classes
2026-02-02 19:01:11,503 [Worker-3: Building] INFO  o.a.m.s.f.DefaultMavenResourcesFiltering - skip non existing resourceDirectory D:\FinalCDACproject\moneymanager\moneymanager\moneymanager\src\test\resources
2026-02-02 19:01:17,587 [main] INFO  o.e.m2e.actions.ExecutePomAction - Creating new launch configuration
2026-02-02 19:01:24,544 [Worker-0: Launching moneymanager (1)] INFO  o.eclipse.m2e.core.internal.Bundles - getClasspathEntries(Bundle=org.eclipse.m2e.maven.runtime_3.9.900.20250220-2013 [361])
2026-02-02 19:01:24,545 [Worker-0: Launching moneymanager (1)] INFO  o.eclipse.m2e.core.internal.Bundles - 	Entry: C:\STS\sts-4.30.0.RELEASE\plugins\org.eclipse.m2e.maven.runtime_3.9.900.20250220-2013
2026-02-02 19:01:24,545 [Worker-0: Launching moneymanager (1)] INFO  o.eclipse.m2e.core.internal.Bundles - 	Entry: C:\STS\sts-4.30.0.RELEASE\plugins\org.eclipse.m2e.maven.runtime_3.9.900.20250220-2013\jars\aopalliance-1.0.jar
2026-02-02 19:01:24,545 [Worker-0: Launching moneymanager (1)] INFO  o.eclipse.m2e.core.internal.Bundles - 	Entry: C:\STS\sts-4.30.0.RELEASE\plugins\org.eclipse.m2e.maven.runtime_3.9.900.20250220-2013\jars\guice-5.1.0.jar
2026-02-02 19:01:24,546 [Worker-0: Launching moneymanager (1)] INFO  o.eclipse.m2e.core.internal.Bundles - 	Entry: C:\STS\sts-4.30.0.RELEASE\plugins\org.eclipse.m2e.maven.runtime_3.9.900.20250220-2013\jars\httpclient-4.5.14.jar
2026-02-02 19:01:24,546 [Worker-0: Launching moneymanager (1)] INFO  o.eclipse.m2e.core.internal.Bundles - 	Entry: C:\STS\sts-4.30.0.RELEASE\plugins\org.eclipse.m2e.maven.runtime_3.9.900.20250220-2013\jars\httpcore-4.4.16.jar
2026-02-02 19:01:24,546 [Worker-0: Launching moneymanager (1)] INFO  o.eclipse.m2e.core.internal.Bundles - 	Entry: C:\STS\sts-4.30.0.RELEASE\plugins\org.eclipse.m2e.maven.runtime_3.9.900.20250220-2013\jars\jansi-2.4.1.jar
2026-02-02 19:01:24,546 [Worker-0: Launching moneymanager (1)] INFO  o.eclipse.m2e.core.internal.Bundles - 	Entry: C:\STS\sts-4.30.0.RELEASE\plugins\org.eclipse.m2e.maven.runtime_3.9.900.20250220-2013\jars\jcl-over-slf4j-1.7.36.jar
2026-02-02 19:01:24,546 [Worker-0: Launching moneymanager (1)] INFO  o.eclipse.m2e.core.internal.Bundles - 	Entry: C:\STS\sts-4.30.0.RELEASE\plugins\org.eclipse.m2e.maven.runtime_3.9.900.20250220-2013\jars\maven-artifact-3.9.9.jar
2026-02-02 19:01:24,546 [Worker-0: Launching moneymanager (1)] INFO  o.eclipse.m2e.core.internal.Bundles - 	Entry: C:\STS\sts-4.30.0.RELEASE\plugins\org.eclipse.m2e.maven.runtime_3.9.900.20250220-2013\jars\maven-builder-support-3.9.9.jar
2026-02-02 19:01:24,546 [Worker-0: Launching moneymanager (1)] INFO  o.eclipse.m2e.core.internal.Bundles - 	Entry: C:\STS\sts-4.30.0.RELEASE\plugins\org.eclipse.m2e.maven.runtime_3.9.900.20250220-2013\jars\maven-compat-3.9.9.jar
2026-02-02 19:01:24,546 [Worker-0: Launching moneymanager (1)] INFO  o.eclipse.m2e.core.internal.Bundles - 	Entry: C:\STS\sts-4.30.0.RELEASE\plugins\org.eclipse.m2e.maven.runtime_3.9.900.20250220-2013\jars\maven-core-3.9.9.jar
2026-02-02 19:01:24,547 [Worker-0: Launching moneymanager (1)] INFO  o.eclipse.m2e.core.internal.Bundles - 	Entry: C:\STS\sts-4.30.0.RELEASE\plugins\org.eclipse.m2e.maven.runtime_3.9.900.20250220-2013\jars\maven-embedder-3.9.9.jar
2026-02-02 19:01:24,547 [Worker-0: Launching moneymanager (1)] INFO  o.eclipse.m2e.core.internal.Bundles - 	Entry: C:\STS\sts-4.30.0.RELEASE\plugins\org.eclipse.m2e.maven.runtime_3.9.900.20250220-2013\jars\maven-model-3.9.9.jar
2026-02-02 19:01:24,547 [Worker-0: Launching moneymanager (1)] INFO  o.eclipse.m2e.core.internal.Bundles - 	Entry: C:\STS\sts-4.30.0.RELEASE\plugins\org.eclipse.m2e.maven.runtime_3.9.900.20250220-2013\jars\maven-model-builder-3.9.9.jar
2026-02-02 19:01:24,547 [Worker-0: Launching moneymanager (1)] INFO  o.eclipse.m2e.core.internal.Bundles - 	Entry: C:\STS\sts-4.30.0.RELEASE\plugins\org.eclipse.m2e.maven.runtime_3.9.900.20250220-2013\jars\maven-plugin-api-3.9.9.jar
2026-02-02 19:01:24,547 [Worker-0: Launching moneymanager (1)] INFO  o.eclipse.m2e.core.internal.Bundles - 	Entry: C:\STS\sts-4.30.0.RELEASE\plugins\org.eclipse.m2e.maven.runtime_3.9.900.20250220-2013\jars\maven-repository-metadata-3.9.9.jar
2026-02-02 19:01:24,547 [Worker-0: Launching moneymanager (1)] INFO  o.eclipse.m2e.core.internal.Bundles - 	Entry: C:\STS\sts-4.30.0.RELEASE\plugins\org.eclipse.m2e.maven.runtime_3.9.900.20250220-2013\jars\maven-resolver-api-1.9.22.jar
2026-02-02 19:01:24,547 [Worker-0: Launching moneymanager (1)] INFO  o.eclipse.m2e.core.internal.Bundles - 	Entry: C:\STS\sts-4.30.0.RELEASE\plugins\org.eclipse.m2e.maven.runtime_3.9.900.20250220-2013\jars\maven-resolver-connector-basic-1.9.22.jar
2026-02-02 19:01:24,547 [Worker-0: Launching moneymanager (1)] INFO  o.eclipse.m2e.core.internal.Bundles - 	Entry: C:\STS\sts-4.30.0.RELEASE\plugins\org.eclipse.m2e.maven.runtime_3.9.900.20250220-2013\jars\maven-resolver-impl-1.9.22.jar
2026-02-02 19:01:24,547 [Worker-0: Launching moneymanager (1)] INFO  o.eclipse.m2e.core.internal.Bundles - 	Entry: C:\STS\sts-4.30.0.RELEASE\plugins\org.eclipse.m2e.maven.runtime_3.9.900.20250220-2013\jars\maven-resolver-named-locks-1.9.22.jar
2026-02-02 19:01:24,548 [Worker-0: Launching moneymanager (1)] INFO  o.eclipse.m2e.core.internal.Bundles - 	Entry: C:\STS\sts-4.30.0.RELEASE\plugins\org.eclipse.m2e.maven.runtime_3.9.900.20250220-2013\jars\maven-resolver-provider-3.9.9.jar
2026-02-02 19:01:24,548 [Worker-0: Launching moneymanager (1)] INFO  o.eclipse.m2e.core.internal.Bundles - 	Entry: C:\STS\sts-4.30.0.RELEASE\plugins\org.eclipse.m2e.maven.runtime_3.9.900.20250220-2013\jars\maven-resolver-spi-1.9.22.jar
2026-02-02 19:01:24,548 [Worker-0: Launching moneymanager (1)] INFO  o.eclipse.m2e.core.internal.Bundles - 	Entry: C:\STS\sts-4.30.0.RELEASE\plugins\org.eclipse.m2e.maven.runtime_3.9.900.20250220-2013\jars\maven-resolver-transport-file-1.9.22.jar
2026-02-02 19:01:24,548 [Worker-0: Launching moneymanager (1)] INFO  o.eclipse.m2e.core.internal.Bundles - 	Entry: C:\STS\sts-4.30.0.RELEASE\plugins\org.eclipse.m2e.maven.runtime_3.9.900.20250220-2013\jars\maven-resolver-transport-http-1.9.22.jar
2026-02-02 19:01:24,548 [Worker-0: Launching moneymanager (1)] INFO  o.eclipse.m2e.core.internal.Bundles - 	Entry: C:\STS\sts-4.30.0.RELEASE\plugins\org.eclipse.m2e.maven.runtime_3.9.900.20250220-2013\jars\maven-resolver-transport-wagon-1.9.22.jar
2026-02-02 19:01:24,548 [Worker-0: Launching moneymanager (1)] INFO  o.eclipse.m2e.core.internal.Bundles - 	Entry: C:\STS\sts-4.30.0.RELEASE\plugins\org.eclipse.m2e.maven.runtime_3.9.900.20250220-2013\jars\maven-resolver-util-1.9.22.jar
2026-02-02 19:01:24,548 [Worker-0: Launching moneymanager (1)] INFO  o.eclipse.m2e.core.internal.Bundles - 	Entry: C:\STS\sts-4.30.0.RELEASE\plugins\org.eclipse.m2e.maven.runtime_3.9.900.20250220-2013\jars\maven-settings-3.9.9.jar
2026-02-02 19:01:24,548 [Worker-0: Launching moneymanager (1)] INFO  o.eclipse.m2e.core.internal.Bundles - 	Entry: C:\STS\sts-4.30.0.RELEASE\plugins\org.eclipse.m2e.maven.runtime_3.9.900.20250220-2013\jars\maven-settings-builder-3.9.9.jar
2026-02-02 19:01:24,549 [Worker-0: Launching moneymanager (1)] INFO  o.eclipse.m2e.core.internal.Bundles - 	Entry: C:\STS\sts-4.30.0.RELEASE\plugins\org.eclipse.m2e.maven.runtime_3.9.900.20250220-2013\jars\maven-shared-utils-3.4.2.jar
2026-02-02 19:01:24,549 [Worker-0: Launching moneymanager (1)] INFO  o.eclipse.m2e.core.internal.Bundles - 	Entry: C:\STS\sts-4.30.0.RELEASE\plugins\org.eclipse.m2e.maven.runtime_3.9.900.20250220-2013\jars\org.eclipse.sisu.inject-0.9.0.M3.jar
2026-02-02 19:01:24,549 [Worker-0: Launching moneymanager (1)] INFO  o.eclipse.m2e.core.internal.Bundles - 	Entry: C:\STS\sts-4.30.0.RELEASE\plugins\org.eclipse.m2e.maven.runtime_3.9.900.20250220-2013\jars\org.eclipse.sisu.plexus-0.9.0.M3.jar
2026-02-02 19:01:24,549 [Worker-0: Launching moneymanager (1)] INFO  o.eclipse.m2e.core.internal.Bundles - 	Entry: C:\STS\sts-4.30.0.RELEASE\plugins\org.eclipse.m2e.maven.runtime_3.9.900.20250220-2013\jars\plexus-build-api-0.0.7.jar
2026-02-02 19:01:24,549 [Worker-0: Launching moneymanager (1)] INFO  o.eclipse.m2e.core.internal.Bundles - 	Entry: C:\STS\sts-4.30.0.RELEASE\plugins\org.eclipse.m2e.maven.runtime_3.9.900.20250220-2013\jars\plexus-build-api-1.2.0.jar
2026-02-02 19:01:24,549 [Worker-0: Launching moneymanager (1)] INFO  o.eclipse.m2e.core.internal.Bundles - 	Entry: C:\STS\sts-4.30.0.RELEASE\plugins\org.eclipse.m2e.maven.runtime_3.9.900.20250220-2013\jars\plexus-cipher-2.0.jar
2026-02-02 19:01:24,549 [Worker-0: Launching moneymanager (1)] INFO  o.eclipse.m2e.core.internal.Bundles - 	Entry: C:\STS\sts-4.30.0.RELEASE\plugins\org.eclipse.m2e.maven.runtime_3.9.900.20250220-2013\jars\plexus-classworlds-2.8.0.jar
2026-02-02 19:01:24,549 [Worker-0: Launching moneymanager (1)] INFO  o.eclipse.m2e.core.internal.Bundles - 	Entry: C:\STS\sts-4.30.0.RELEASE\plugins\org.eclipse.m2e.maven.runtime_3.9.900.20250220-2013\jars\plexus-component-annotations-2.1.0.jar
2026-02-02 19:01:24,550 [Worker-0: Launching moneymanager (1)] INFO  o.eclipse.m2e.core.internal.Bundles - 	Entry: C:\STS\sts-4.30.0.RELEASE\plugins\org.eclipse.m2e.maven.runtime_3.9.900.20250220-2013\jars\plexus-interpolation-1.27.jar
2026-02-02 19:01:24,550 [Worker-0: Launching moneymanager (1)] INFO  o.eclipse.m2e.core.internal.Bundles - 	Entry: C:\STS\sts-4.30.0.RELEASE\plugins\org.eclipse.m2e.maven.runtime_3.9.900.20250220-2013\jars\plexus-sec-dispatcher-2.0.jar
2026-02-02 19:01:24,550 [Worker-0: Launching moneymanager (1)] INFO  o.eclipse.m2e.core.internal.Bundles - 	Entry: C:\STS\sts-4.30.0.RELEASE\plugins\org.eclipse.m2e.maven.runtime_3.9.900.20250220-2013\jars\plexus-utils-3.5.1.jar
2026-02-02 19:01:24,550 [Worker-0: Launching moneymanager (1)] INFO  o.eclipse.m2e.core.internal.Bundles - 	Entry: C:\STS\sts-4.30.0.RELEASE\plugins\org.eclipse.m2e.maven.runtime_3.9.900.20250220-2013\jars\plexus-xml-3.0.1.jar
2026-02-02 19:01:24,550 [Worker-0: Launching moneymanager (1)] INFO  o.eclipse.m2e.core.internal.Bundles - 	Entry: C:\STS\sts-4.30.0.RELEASE\plugins\org.eclipse.m2e.maven.runtime_3.9.900.20250220-2013\jars\wagon-file-3.5.3.jar
2026-02-02 19:01:24,550 [Worker-0: Launching moneymanager (1)] INFO  o.eclipse.m2e.core.internal.Bundles - 	Entry: C:\STS\sts-4.30.0.RELEASE\plugins\org.eclipse.m2e.maven.runtime_3.9.900.20250220-2013\jars\wagon-http-3.5.3.jar
2026-02-02 19:01:24,550 [Worker-0: Launching moneymanager (1)] INFO  o.eclipse.m2e.core.internal.Bundles - 	Entry: C:\STS\sts-4.30.0.RELEASE\plugins\org.eclipse.m2e.maven.runtime_3.9.900.20250220-2013\jars\wagon-http-shared-3.5.3.jar
2026-02-02 19:01:24,550 [Worker-0: Launching moneymanager (1)] INFO  o.eclipse.m2e.core.internal.Bundles - 	Entry: C:\STS\sts-4.30.0.RELEASE\plugins\org.eclipse.m2e.maven.runtime_3.9.900.20250220-2013\jars\wagon-provider-api-3.5.3.jar
2026-02-02 19:01:24,550 [Worker-0: Launching moneymanager (1)] INFO  o.eclipse.m2e.core.internal.Bundles - getClasspathEntries(Bundle=com.google.guava_33.4.0.jre [29])
2026-02-02 19:01:24,551 [Worker-0: Launching moneymanager (1)] INFO  o.eclipse.m2e.core.internal.Bundles - 	Entry: C:\STS\sts-4.30.0.RELEASE\plugins\com.google.guava_33.4.0.jre.jar
2026-02-02 19:01:24,551 [Worker-0: Launching moneymanager (1)] INFO  o.eclipse.m2e.core.internal.Bundles - getClasspathEntries(Bundle=slf4j.api_2.0.17 [608])
2026-02-02 19:01:24,551 [Worker-0: Launching moneymanager (1)] INFO  o.eclipse.m2e.core.internal.Bundles - 	Entry: C:\STS\sts-4.30.0.RELEASE\plugins\slf4j.api_2.0.17.jar
2026-02-02 19:01:24,551 [Worker-0: Launching moneymanager (1)] INFO  o.eclipse.m2e.core.internal.Bundles - getClasspathEntries(Bundle=javax.inject_1.0.0.v20220405-0441 [759])
2026-02-02 19:01:24,551 [Worker-0: Launching moneymanager (1)] INFO  o.eclipse.m2e.core.internal.Bundles - 	Entry: C:\STS\sts-4.30.0.RELEASE\plugins\javax.inject_1.0.0.v20220405-0441.jar
2026-02-02 19:01:24,551 [Worker-0: Launching moneymanager (1)] INFO  o.eclipse.m2e.core.internal.Bundles - getClasspathEntries(Bundle=javax.annotation_1.3.5.v20230504-0748 [758])
2026-02-02 19:01:24,551 [Worker-0: Launching moneymanager (1)] INFO  o.eclipse.m2e.core.internal.Bundles - 	Entry: C:\STS\sts-4.30.0.RELEASE\plugins\javax.annotation_1.3.5.v20230504-0748.jar
2026-02-02 19:01:24,551 [Worker-0: Launching moneymanager (1)] INFO  o.eclipse.m2e.core.internal.Bundles - getClasspathEntries(Bundle=org.apache.commons.cli_1.9.0 [77])
2026-02-02 19:01:24,551 [Worker-0: Launching moneymanager (1)] INFO  o.eclipse.m2e.core.internal.Bundles - 	Entry: C:\STS\sts-4.30.0.RELEASE\plugins\org.apache.commons.cli_1.9.0.jar
2026-02-02 19:01:24,551 [Worker-0: Launching moneymanager (1)] INFO  o.eclipse.m2e.core.internal.Bundles - getClasspathEntries(Bundle=org.apache.commons.commons-codec_1.16.0 [79])
2026-02-02 19:01:24,553 [Worker-0: Launching moneymanager (1)] INFO  o.eclipse.m2e.core.internal.Bundles - 	Entry: C:\STS\sts-4.30.0.RELEASE\plugins\org.apache.commons.commons-codec_1.16.0.jar
2026-02-02 19:01:24,553 [Worker-0: Launching moneymanager (1)] INFO  o.eclipse.m2e.core.internal.Bundles - getClasspathEntries(Bundle=com.google.guava.failureaccess_1.0.2 [30])
2026-02-02 19:01:24,553 [Worker-0: Launching moneymanager (1)] INFO  o.eclipse.m2e.core.internal.Bundles - 	Entry: C:\STS\sts-4.30.0.RELEASE\plugins\com.google.guava.failureaccess_1.0.2.jar
2026-02-02 19:01:24,554 [Worker-0: Launching moneymanager (1)] INFO  o.e.m.i.launch.MavenLaunchDelegate - Run build in "D:\FinalCDACproject\moneymanager\moneymanager\moneymanager":
2026-02-02 19:01:24,554 [Worker-0: Launching moneymanager (1)] INFO  o.e.m.i.launch.MavenLaunchDelegate -  mvn  -B -Dstyle.color=always clean compile
2026-02-03 13:58:17,418 [Worker-4: Loading available Gradle versions] INFO  o.e.b.c.i.u.g.PublishedGradleVersions - Gradle version information cache is up-to-date. Trying to read.
2026-02-04 08:36:52,548 [Worker-8: Loading available Gradle versions] INFO  o.e.b.c.i.u.g.PublishedGradleVersions - Gradle version information cache is out-of-date. Trying to update.
2026-02-04 08:52:37,465 [Worker-29: Building] INFO  o.a.m.s.f.DefaultMavenResourcesFiltering - Copying 1 resource from src\main\resources to target\classes
2026-02-04 08:52:37,477 [Worker-29: Building] INFO  o.a.m.s.f.DefaultMavenResourcesFiltering - Copying 0 resource from src\main\resources to target\classes
2026-02-04 08:52:37,480 [Worker-29: Building] INFO  o.a.m.s.f.DefaultMavenResourcesFiltering - skip non existing resourceDirectory D:\FinalCDACproject\moneymanager\moneymanager\moneymanager\src\test\resources
